  <!-- Event 2006: PowerShell direct IP beacon (no hostname) — triggers NET-002 -->
  <Event xmlns="http://schemas.microsoft.com/win/2004/08/events/event">
    <System>
      <Provider Name="Microsoft-Windows-Sysmon" Guid="{5770385F-C22A-43E0-BF4C-06F5698FFBD9}"/>
      <EventID>3</EventID>
      <Version>5</Version>
      <Level>4</Level>
      <Task>3</Task>
      <Opcode>0</Opcode>
      <Keywords>0x8000000000000000</Keywords>
      <TimeCreated SystemTime="2026-04-03T14:30:40.223344500Z"/>
      <EventRecordID>2006</EventRecordID>
      <Channel>Microsoft-Windows-Sysmon/Operational</Channel>
      <Computer>WORKSTATION-02</Computer>
      <Security UserID="S-1-5-18"/>
    </System>
    <EventData>
      <Data Name="RuleName">-</Data>
      <Data Name="UtcTime">2026-04-03 14:30:40.223</Data>
      <Data Name="ProcessGuid">{22222222-2222-2222-2222-222222222201}</Data>
      <Data Name="ProcessId">3344</Data>
      <Data Name="Image">C:\Windows\System32\WindowsPowerShell\v1.0\powershell.exe</Data>
      <Data Name="User">WORKSTATION-02\mwilson</Data>
      <Data Name="Protocol">tcp</Data>
      <Data Name="Initiated">true</Data>
      <Data Name="SourceIsIpv6">false</Data>
      <Data Name="SourceIp">10.0.0.22</Data>
      <Data Name="SourceHostname">WORKSTATION-02</Data>
      <Data Name="SourcePort">51234</Data>
      <Data Name="SourcePortName">-</Data>
      <Data Name="DestinationIsIpv6">false</Data>
      <Data Name="DestinationIp">10.0.0.200</Data>
      <Data Name="DestinationHostname"></Data>
      <Data Name="DestinationPort">8443</Data>
      <Data Name="DestinationPortName">-</Data>
    </EventData>
  </Event>

  <!-- Event 2007: Edge on port 80 — benign HTTP, no rule fires -->
  <Event xmlns="http://schemas.microsoft.com/win/2004/08/events/event">
    <System>
      <Provider Name="Microsoft-Windows-Sysmon" Guid="{5770385F-C22A-43E0-BF4C-06F5698FFBD9}"/>
      <EventID>3</EventID>
      <Version>5</Version>
      <Level>4</Level>
      <Task>3</Task>
      <Opcode>0</Opcode>
      <Keywords>0x8000000000000000</Keywords>
      <TimeCreated SystemTime="2026-04-03T14:30:45.445566700Z"/>
      <EventRecordID>2007</EventRecordID>
      <Channel>Microsoft-Windows-Sysmon/Operational</Channel>
      <Computer>WORKSTATION-02</Computer>
      <Security UserID="S-1-5-18"/>
    </System>
    <EventData>
      <Data Name="RuleName">-</Data>
      <Data Name="UtcTime">2026-04-03 14:30:45.445</Data>
      <Data Name="ProcessGuid">{22222222-2222-2222-2222-222222222210}</Data>
      <Data Name="ProcessId">4400</Data>
      <Data Name="Image">C:\Program Files (x86)\Microsoft\Edge\Application\msedge.exe</Data>
      <Data Name="User">WORKSTATION-02\mwilson</Data>
      <Data Name="Protocol">tcp</Data>
      <Data Name="Initiated">true</Data>
      <Data Name="SourceIsIpv6">false</Data>
      <Data Name="SourceIp">10.0.0.22</Data>
      <Data Name="SourceHostname">WORKSTATION-02</Data>
      <Data Name="SourcePort">52000</Data>
      <Data Name="SourcePortName">-</Data>
      <Data Name="DestinationIsIpv6">false</Data>
      <Data Name="DestinationIp">93.184.216.34</Data>
      <Data Name="DestinationHostname">example.com</Data>
      <Data Name="DestinationPort">80</Data>
      <Data Name="DestinationPortName">http</Data>
    </EventData>
  </Event>

  <!-- ================================================================ -->
  <!-- WORKSTATION-02 — Registry persistence                             -->
  <!-- ================================================================ -->

  <!-- Event 2008: PowerShell writing Run key — triggers REG-001 -->
  <Event xmlns="http://schemas.microsoft.com/win/2004/08/events/event">
    <System>
      <Provider Name="Microsoft-Windows-Sysmon" Guid="{5770385F-C22A-43E0-BF4C-06F5698FFBD9}"/>
      <EventID>13</EventID>
      <Version>2</Version>
      <Level>4</Level>
      <Task>13</Task>
      <Opcode>0</Opcode>
      <Keywords>0x8000000000000000</Keywords>
      <TimeCreated SystemTime="2026-04-03T14:30:50.667788900Z"/>
      <EventRecordID>2008</EventRecordID>
      <Channel>Microsoft-Windows-Sysmon/Operational</Channel>
      <Computer>WORKSTATION-02</Computer>
      <Security UserID="S-1-5-18"/>
    </System>
    <EventData>
      <Data Name="RuleName">-</Data>
      <Data Name="EventType">SetValue</Data>
      <Data Name="UtcTime">2026-04-03 14:30:50.667</Data>
      <Data Name="ProcessGuid">{22222222-2222-2222-2222-222222222202}</Data>
      <Data Name="ProcessId">3456</Data>
      <Data Name="Image">C:\Windows\System32\WindowsPowerShell\v1.0\powershell.exe</Data>
      <Data Name="TargetObject">HKCU\SOFTWARE\Microsoft\Windows\CurrentVersion\Run\Updater</Data>
      <Data Name="Details">C:\Users\mwilson\AppData\Roaming\svcupd.exe</Data>
      <Data Name="User">WORKSTATION-02\mwilson</Data>
    </EventData>
  </Event>

  <!-- ================================================================ -->
  <!-- WORKSTATION-02 — Process access                                   -->
  <!-- ================================================================ -->

  <!-- Event 2009: PowerShell opening lsass.exe with 0x1410 mask — triggers PA-001 and PA-002 -->
  <Event xmlns="http://schemas.microsoft.com/win/2004/08/events/event">
    <System>
      <Provider Name="Microsoft-Windows-Sysmon" Guid="{5770385F-C22A-43E0-BF4C-06F5698FFBD9}"/>
      <EventID>10</EventID>
      <Version>3</Version>
      <Level>4</Level>
      <Task>10</Task>
      <Opcode>0</Opcode>
      <Keywords>0x8000000000000000</Keywords>
      <TimeCreated SystemTime="2026-04-03T14:30:58.889900100Z"/>
      <EventRecordID>2009</EventRecordID>
      <Channel>Microsoft-Windows-Sysmon/Operational</Channel>
      <Computer>WORKSTATION-02</Computer>
      <Security UserID="S-1-5-18"/>
    </System>
    <EventData>
      <Data Name="RuleName">-</Data>
      <Data Name="UtcTime">2026-04-03 14:30:58.889</Data>
      <Data Name="SourceProcessGUID">{22222222-2222-2222-2222-222222222202}</Data>
      <Data Name="SourceProcessId">3456</Data>
      <Data Name="SourceThreadId">3800</Data>
      <Data Name="SourceImage">C:\Windows\System32\WindowsPowerShell\v1.0\powershell.exe</Data>
      <Data Name="TargetProcessGUID">{22222222-2222-2222-2222-222222220020}</Data>
      <Data Name="TargetProcessId">720</Data>
      <Data Name="TargetImage">C:\Windows\System32\lsass.exe</Data>
      <Data Name="GrantedAccess">0x1410</Data>
      <Data Name="CallTrace">C:\Windows\SYSTEM32\ntdll.dll+9d4b4|C:\Windows\System32\KERNELBASE.dll+12e93|UNKNOWN(00007FFB99887766)</Data>
    </EventData>
  </Event>

  <!-- Event 2010: benign lsass access by antivirus agent — no rule fires (AV in System32) -->
  <Event xmlns="http://schemas.microsoft.com/win/2004/08/events/event">
    <System>
      <Provider Name="Microsoft-Windows-Sysmon" Guid="{5770385F-C22A-43E0-BF4C-06F5698FFBD9}"/>
      <EventID>10</EventID>
      <Version>3</Version>
      <Level>4</Level>
      <Task>10</Task>
      <Opcode>0</Opcode>
      <Keywords>0x8000000000000000</Keywords>
      <TimeCreated SystemTime="2026-04-03T14:31:02.001234500Z"/>
      <EventRecordID>2010</EventRecordID>
      <Channel>Microsoft-Windows-Sysmon/Operational</Channel>
      <Computer>WORKSTATION-02</Computer>
      <Security UserID="S-1-5-18"/>
    </System>
    <EventData>
      <Data Name="RuleName">-</Data>
      <Data Name="UtcTime">2026-04-03 14:31:02.001</Data>
      <Data Name="SourceProcessGUID">{22222222-2222-2222-2222-222222222300}</Data>
      <Data Name="SourceProcessId">9900</Data>
      <Data Name="SourceThreadId">9910</Data>
      <Data Name="SourceImage">C:\Windows\System32\MsMpEng.exe</Data>
      <Data Name="TargetProcessGUID">{22222222-2222-2222-2222-222222220020}</Data>
      <Data Name="TargetProcessId">720</Data>
      <Data Name="TargetImage">C:\Windows\System32\lsass.exe</Data>
      <Data Name="GrantedAccess">0x1000</Data>
      <Data Name="CallTrace">C:\Windows\SYSTEM32\ntdll.dll+9d4b4</Data>
    </EventData>
  </Event>

</Events>
